Warning: Equate pins:  cell sky130_fd_pr__nfet_01v8_lvt is a placeholder, treated as a black box.
Warning: Equate pins:  cell sky130_fd_pr__nfet_01v8_lvt is a placeholder, treated as a black box.

Subcircuit pins:
Circuit 1: sky130_fd_pr__nfet_01v8_lvt     |Circuit 2: sky130_fd_pr__nfet_01v8_lvt     
-------------------------------------------|-------------------------------------------
1                                          |1                                          
2                                          |2                                          
3                                          |3                                          
4                                          |4                                          
---------------------------------------------------------------------------------------
Cell pin lists are equivalent.
Device classes sky130_fd_pr__nfet_01v8_lvt and sky130_fd_pr__nfet_01v8_lvt are equivalent.
Warning: Equate pins:  cell sky130_fd_pr__res_xhigh_po_5p73 is a placeholder, treated as a black box.
Warning: Equate pins:  cell sky130_fd_pr__res_xhigh_po_5p73 is a placeholder, treated as a black box.

Subcircuit pins:
Circuit 1: sky130_fd_pr__res_xhigh_po_5p73 |Circuit 2: sky130_fd_pr__res_xhigh_po_5p73 
-------------------------------------------|-------------------------------------------
1                                          |1                                          
2                                          |2                                          
3                                          |3                                          
---------------------------------------------------------------------------------------
Cell pin lists are equivalent.
Device classes sky130_fd_pr__res_xhigh_po_5p73 and sky130_fd_pr__res_xhigh_po_5p73 are equivalent.
Flattening unmatched subcell sky130_fd_pr__nfet_01v8_lvt_FKGFGD in circuit cons (0)(4 instances)
Flattening unmatched subcell sky130_fd_pr__nfet_01v8_lvt_G3ZQK6 in circuit cons (0)(2 instances)
Flattening unmatched subcell sky130_fd_pr__nfet_01v8_lvt_648S5X in circuit cons (0)(2 instances)
Flattening unmatched subcell sky130_fd_pr__res_xhigh_po_5p73_7J9ZAP in circuit cons (0)(4 instances)
Flattening unmatched subcell sky130_fd_pr__res_xhigh_po_5p73_HS9RHN in circuit cons (0)(2 instances)

Class cons (0):  Merged 582 parallel devices.
Subcircuit summary:
Circuit 1: cons                            |Circuit 2: norm_stages                     
-------------------------------------------|-------------------------------------------
sky130_fd_pr__nfet_01v8_lvt (590->8)       |sky130_fd_pr__nfet_01v8_lvt (8)            
sky130_fd_pr__res_xhigh_po_5p73 (6)        |sky130_fd_pr__res_xhigh_po_5p73 (30->6)    
Number of devices: 14                      |Number of devices: 14                      
Number of nets: 13                         |Number of nets: 13                         
---------------------------------------------------------------------------------------
Resolving automorphisms by property value.
Resolving automorphisms by pin name.
Netlists match uniquely.
Circuits match correctly.
There were property errors.
sky130_fd_pr__res_xhigh_po_5p73_7J9ZAP:XR22/sky130_fd_pr__res_xhigh_po_5p73:0 vs. sky130_fd_pr__res_xhigh_po_5p73:R22:
 M circuit1: 1   circuit2: 5   (delta=4, cutoff=0)
sky130_fd_pr__res_xhigh_po_5p73_7J9ZAP:XR20/sky130_fd_pr__res_xhigh_po_5p73:0 vs. sky130_fd_pr__res_xhigh_po_5p73:R20:
 M circuit1: 1   circuit2: 5   (delta=4, cutoff=0)
sky130_fd_pr__res_xhigh_po_5p73_7J9ZAP:XR19/sky130_fd_pr__res_xhigh_po_5p73:0 vs. sky130_fd_pr__res_xhigh_po_5p73:R19:
 M circuit1: 1   circuit2: 5   (delta=4, cutoff=0)
sky130_fd_pr__res_xhigh_po_5p73_7J9ZAP:XR23/sky130_fd_pr__res_xhigh_po_5p73:0 vs. sky130_fd_pr__res_xhigh_po_5p73:R23:
 M circuit1: 1   circuit2: 5   (delta=4, cutoff=0)
sky130_fd_pr__res_xhigh_po_5p73_HS9RHN:XR24/sky130_fd_pr__res_xhigh_po_5p73:0 vs. sky130_fd_pr__res_xhigh_po_5p73:R24:
 M circuit1: 1   circuit2: 5   (delta=4, cutoff=0)
sky130_fd_pr__res_xhigh_po_5p73_HS9RHN:XR21/sky130_fd_pr__res_xhigh_po_5p73:0 vs. sky130_fd_pr__res_xhigh_po_5p73:R21:
 M circuit1: 1   circuit2: 5   (delta=4, cutoff=0)

Subcircuit pins:
Circuit 1: cons                            |Circuit 2: norm_stages                     
-------------------------------------------|-------------------------------------------
vcsw                                       |vcsw                                       
vdd                                        |vdd                                        
voutp                                      |voutp                                      
voutn                                      |voutn                                      
vss                                        |vss                                        
vd21                                       |vd21                                       
vd22                                       |vd22                                       
vinp                                       |vinp                                       
vinn                                       |vinn                                       
vc1                                        |vc1                                        
vc2                                        |vc2                                        
---------------------------------------------------------------------------------------
Cell pin lists are equivalent.
Device classes cons and norm_stages are equivalent.
Circuits match uniquely.
Property errors were found.
The following cells had property errors:
 cons
